Terminals unused in grammar

    MAIN


Grammar

    0 $accept: prog_start $end

    1 prog_start: functions

    2 functions: %empty
    3          | function functions

    4 function: function_ident SEMICOLON BEGIN_PARAMS declarations END_PARAMS BEGIN_LOCALS declarations END_LOCALS BEGIN_BODY statements end_body

    5 end_body: END_BODY

    6 function_ident: FUNCTION ident

    7 ident: IDENT

    8 declarations: %empty
    9             | declaration SEMICOLON declarations

   10 declaration: IDENT COLON INTEGER
   11            | IDENT COLON ARRAY L_SQUARE_BRACKET NUMBER R_SQUARE_BRACKET OF INTEGER

   12 statement: var ASSIGN expression
   13          | IF bool_exp THEN statements ENDIF
   14          | IF bool_exp THEN statements ELSE statements ENDIF

   15 $@1: %empty

   16 $@2: %empty

   17 statement: WHILE bool_exp $@1 BEGINLOOP statements $@2 ENDLOOP
   18          | DO BEGINLOOP statements ENDLOOP WHILE bool_exp
   19          | READ vars
   20          | WRITE IDENT
   21          | CONTINUE
   22          | RETURN expression

   23 statements: statement SEMICOLON
   24           | statement SEMICOLON statements

   25 expression: multiplicative_expression
   26           | multiplicative_expression ADD expression
   27           | multiplicative_expression SUB expression

   28 multiplicative_expression: term
   29                          | term MULT multiplicative_expression
   30                          | term DIV multiplicative_expression
   31                          | term MOD multiplicative_expression

   32 term: var
   33     | SUB var
   34     | NUMBER
   35     | SUB NUMBER
   36     | L_PAREN expression R_PAREN
   37     | SUB L_PAREN expression R_PAREN
   38     | ident L_PAREN expressions R_PAREN

   39 expressions: %empty
   40            | comma_sep_expressions

   41 comma_sep_expressions: expression
   42                      | expression COMMA comma_sep_expressions

   43 bool_exp: relation_and_exp
   44         | relation_and_exp OR bool_exp

   45 relation_and_exp: relation_exp
   46                 | relation_exp AND relation_and_exp

   47 relation_exp: expression comp expression
   48             | NOT expression comp expression
   49             | TRUE
   50             | NOT TRUE
   51             | FALSE
   52             | NOT FALSE
   53             | L_PAREN bool_exp R_PAREN
   54             | NOT L_PAREN bool_exp R_PAREN

   55 comp: EQ
   56     | NEQ
   57     | LT
   58     | GT
   59     | LTE
   60     | GTE

   61 var: ident
   62    | ident L_SQUARE_BRACKET expression R_SQUARE_BRACKET

   63 vars: var
   64     | var COMMA vars


Terminals, with rules where they appear

    $end (0) 0
    error (256)
    BEGIN_PARAMS (258) 4
    END_PARAMS (259) 4
    BEGIN_LOCALS (260) 4
    END_LOCALS (261) 4
    BEGIN_BODY (262) 4
    END_BODY (263) 5
    FUNCTION (264) 6
    RETURN (265) 22
    MAIN (266)
    L_SQUARE_BRACKET (267) 11 62
    R_SQUARE_BRACKET (268) 11 62
    INTEGER (269) 10 11
    ARRAY (270) 11
    OF (271) 11
    IF (272) 13 14
    THEN (273) 13 14
    ENDIF (274) 13 14
    ELSE (275) 14
    WHILE (276) 17 18
    DO (277) 18
    BEGINLOOP (278) 17 18
    ENDLOOP (279) 17 18
    CONTINUE (280) 21
    READ (281) 19
    WRITE (282) 20
    AND (283) 46
    OR (284) 44
    NOT (285) 48 50 52 54
    TRUE (286) 49 50
    FALSE (287) 51 52
    SUB (288) 27 33 35 37
    ADD (289) 26
    MULT (290) 29
    DIV (291) 30
    MOD (292) 31
    EQ (293) 55
    NEQ (294) 56
    LT (295) 57
    GT (296) 58
    LTE (297) 59
    GTE (298) 60
    SEMICOLON (299) 4 9 23 24
    COLON (300) 10 11
    COMMA (301) 42 64
    L_PAREN (302) 36 37 38 53 54
    R_PAREN (303) 36 37 38 53 54
    ASSIGN (304) 12
    NUMBER <op_val> (305) 11 34 35
    IDENT <op_val> (306) 7 10 11 20


Nonterminals, with rules where they appear

    $accept (52)
        on left: 0
    prog_start (53)
        on left: 1
        on right: 0
    functions (54)
        on left: 2 3
        on right: 1 3
    function (55)
        on left: 4
        on right: 3
    end_body (56)
        on left: 5
        on right: 4
    function_ident (57)
        on left: 6
        on right: 4
    ident <op_val> (58)
        on left: 7
        on right: 6 38 61 62
    declarations (59)
        on left: 8 9
        on right: 4 9
    declaration (60)
        on left: 10 11
        on right: 9
    statement (61)
        on left: 12 13 14 17 18 19 20 21 22
        on right: 23 24
    $@1 (62)
        on left: 15
        on right: 17
    $@2 (63)
        on left: 16
        on right: 17
    statements (64)
        on left: 23 24
        on right: 4 13 14 17 18 24
    expression <op_val> (65)
        on left: 25 26 27
        on right: 12 22 26 27 36 37 41 42 47 48 62
    multiplicative_expression <op_val> (66)
        on left: 28 29 30 31
        on right: 25 26 27 29 30 31
    term <op_val> (67)
        on left: 32 33 34 35 36 37 38
        on right: 28 29 30 31
    expressions (68)
        on left: 39 40
        on right: 38
    comma_sep_expressions (69)
        on left: 41 42
        on right: 40 42
    bool_exp (70)
        on left: 43 44
        on right: 13 14 17 18 44 53 54
    relation_and_exp (71)
        on left: 45 46
        on right: 43 44 46
    relation_exp (72)
        on left: 47 48 49 50 51 52 53 54
        on right: 45 46
    comp (73)
        on left: 55 56 57 58 59 60
        on right: 47 48
    var <op_val> (74)
        on left: 61 62
        on right: 12 32 33 63 64
    vars (75)
        on left: 63 64
        on right: 19 64


State 0

    0 $accept: • prog_start $end

    FUNCTION  shift, and go to state 1

    $default  reduce using rule 2 (functions)

    prog_start      go to state 2
    functions       go to state 3
    function        go to state 4
    function_ident  go to state 5


State 1

    6 function_ident: FUNCTION • ident

    IDENT  shift, and go to state 6

    ident  go to state 7


State 2

    0 $accept: prog_start • $end

    $end  shift, and go to state 8


State 3

    1 prog_start: functions •

    $default  reduce using rule 1 (prog_start)


State 4

    3 functions: function • functions

    FUNCTION  shift, and go to state 1

    $default  reduce using rule 2 (functions)

    functions       go to state 9
    function        go to state 4
    function_ident  go to state 5


State 5

    4 function: function_ident • SEMICOLON BEGIN_PARAMS declarations END_PARAMS BEGIN_LOCALS declarations END_LOCALS BEGIN_BODY statements end_body

    SEMICOLON  shift, and go to state 10


State 6

    7 ident: IDENT •

    $default  reduce using rule 7 (ident)


State 7

    6 function_ident: FUNCTION ident •

    $default  reduce using rule 6 (function_ident)


State 8

    0 $accept: prog_start $end •

    $default  accept


State 9

    3 functions: function functions •

    $default  reduce using rule 3 (functions)


State 10

    4 function: function_ident SEMICOLON • BEGIN_PARAMS declarations END_PARAMS BEGIN_LOCALS declarations END_LOCALS BEGIN_BODY statements end_body

    BEGIN_PARAMS  shift, and go to state 11


State 11

    4 function: function_ident SEMICOLON BEGIN_PARAMS • declarations END_PARAMS BEGIN_LOCALS declarations END_LOCALS BEGIN_BODY statements end_body

    IDENT  shift, and go to state 12

    $default  reduce using rule 8 (declarations)

    declarations  go to state 13
    declaration   go to state 14


State 12

   10 declaration: IDENT • COLON INTEGER
   11            | IDENT • COLON ARRAY L_SQUARE_BRACKET NUMBER R_SQUARE_BRACKET OF INTEGER

    COLON  shift, and go to state 15


State 13

    4 function: function_ident SEMICOLON BEGIN_PARAMS declarations • END_PARAMS BEGIN_LOCALS declarations END_LOCALS BEGIN_BODY statements end_body

    END_PARAMS  shift, and go to state 16


State 14

    9 declarations: declaration • SEMICOLON declarations

    SEMICOLON  shift, and go to state 17


State 15

   10 declaration: IDENT COLON • INTEGER
   11            | IDENT COLON • ARRAY L_SQUARE_BRACKET NUMBER R_SQUARE_BRACKET OF INTEGER

    INTEGER  shift, and go to state 18
    ARRAY    shift, and go to state 19


State 16

    4 function: function_ident SEMICOLON BEGIN_PARAMS declarations END_PARAMS • BEGIN_LOCALS declarations END_LOCALS BEGIN_BODY statements end_body

    BEGIN_LOCALS  shift, and go to state 20


State 17

    9 declarations: declaration SEMICOLON • declarations

    IDENT  shift, and go to state 12

    $default  reduce using rule 8 (declarations)

    declarations  go to state 21
    declaration   go to state 14


State 18

   10 declaration: IDENT COLON INTEGER •

    $default  reduce using rule 10 (declaration)


State 19

   11 declaration: IDENT COLON ARRAY • L_SQUARE_BRACKET NUMBER R_SQUARE_BRACKET OF INTEGER

    L_SQUARE_BRACKET  shift, and go to state 22


State 20

    4 function: function_ident SEMICOLON BEGIN_PARAMS declarations END_PARAMS BEGIN_LOCALS • declarations END_LOCALS BEGIN_BODY statements end_body

    IDENT  shift, and go to state 12

    $default  reduce using rule 8 (declarations)

    declarations  go to state 23
    declaration   go to state 14


State 21

    9 declarations: declaration SEMICOLON declarations •

    $default  reduce using rule 9 (declarations)


State 22

   11 declaration: IDENT COLON ARRAY L_SQUARE_BRACKET • NUMBER R_SQUARE_BRACKET OF INTEGER

    NUMBER  shift, and go to state 24


State 23

    4 function: function_ident SEMICOLON BEGIN_PARAMS declarations END_PARAMS BEGIN_LOCALS declarations • END_LOCALS BEGIN_BODY statements end_body

    END_LOCALS  shift, and go to state 25


State 24

   11 declaration: IDENT COLON ARRAY L_SQUARE_BRACKET NUMBER • R_SQUARE_BRACKET OF INTEGER

    R_SQUARE_BRACKET  shift, and go to state 26


State 25

    4 function: function_ident SEMICOLON BEGIN_PARAMS declarations END_PARAMS BEGIN_LOCALS declarations END_LOCALS • BEGIN_BODY statements end_body

    BEGIN_BODY  shift, and go to state 27


State 26

   11 declaration: IDENT COLON ARRAY L_SQUARE_BRACKET NUMBER R_SQUARE_BRACKET • OF INTEGER

    OF  shift, and go to state 28


State 27

    4 function: function_ident SEMICOLON BEGIN_PARAMS declarations END_PARAMS BEGIN_LOCALS declarations END_LOCALS BEGIN_BODY • statements end_body

    RETURN    shift, and go to state 29
    IF        shift, and go to state 30
    WHILE     shift, and go to state 31
    DO        shift, and go to state 32
    CONTINUE  shift, and go to state 33
    READ      shift, and go to state 34
    WRITE     shift, and go to state 35
    IDENT     shift, and go to state 6

    ident       go to state 36
    statement   go to state 37
    statements  go to state 38
    var         go to state 39


State 28

   11 declaration: IDENT COLON ARRAY L_SQUARE_BRACKET NUMBER R_SQUARE_BRACKET OF • INTEGER

    INTEGER  shift, and go to state 40


State 29

   22 statement: RETURN • expression

    SUB      shift, and go to state 41
    L_PAREN  shift, and go to state 42
    NUMBER   shift, and go to state 43
    IDENT    shift, and go to state 6

    ident                      go to state 44
    expression                 go to state 45
    multiplicative_expression  go to state 46
    term                       go to state 47
    var                        go to state 48


State 30

   13 statement: IF • bool_exp THEN statements ENDIF
   14          | IF • bool_exp THEN statements ELSE statements ENDIF

    NOT      shift, and go to state 49
    TRUE     shift, and go to state 50
    FALSE    shift, and go to state 51
    SUB      shift, and go to state 41
    L_PAREN  shift, and go to state 52
    NUMBER   shift, and go to state 43
    IDENT    shift, and go to state 6

    ident                      go to state 44
    expression                 go to state 53
    multiplicative_expression  go to state 46
    term                       go to state 47
    bool_exp                   go to state 54
    relation_and_exp           go to state 55
    relation_exp               go to state 56
    var                        go to state 48


State 31

   17 statement: WHILE • bool_exp $@1 BEGINLOOP statements $@2 ENDLOOP

    NOT      shift, and go to state 49
    TRUE     shift, and go to state 50
    FALSE    shift, and go to state 51
    SUB      shift, and go to state 41
    L_PAREN  shift, and go to state 52
    NUMBER   shift, and go to state 43
    IDENT    shift, and go to state 6

    ident                      go to state 44
    expression                 go to state 53
    multiplicative_expression  go to state 46
    term                       go to state 47
    bool_exp                   go to state 57
    relation_and_exp           go to state 55
    relation_exp               go to state 56
    var                        go to state 48


State 32

   18 statement: DO • BEGINLOOP statements ENDLOOP WHILE bool_exp

    BEGINLOOP  shift, and go to state 58


State 33

   21 statement: CONTINUE •

    $default  reduce using rule 21 (statement)


State 34

   19 statement: READ • vars

    IDENT  shift, and go to state 6

    ident  go to state 36
    var    go to state 59
    vars   go to state 60


State 35

   20 statement: WRITE • IDENT

    IDENT  shift, and go to state 61


State 36

   61 var: ident •
   62    | ident • L_SQUARE_BRACKET expression R_SQUARE_BRACKET

    L_SQUARE_BRACKET  shift, and go to state 62

    $default  reduce using rule 61 (var)


State 37

   23 statements: statement • SEMICOLON
   24           | statement • SEMICOLON statements

    SEMICOLON  shift, and go to state 63


State 38

    4 function: function_ident SEMICOLON BEGIN_PARAMS declarations END_PARAMS BEGIN_LOCALS declarations END_LOCALS BEGIN_BODY statements • end_body

    END_BODY  shift, and go to state 64

    end_body  go to state 65


State 39

   12 statement: var • ASSIGN expression

    ASSIGN  shift, and go to state 66


State 40

   11 declaration: IDENT COLON ARRAY L_SQUARE_BRACKET NUMBER R_SQUARE_BRACKET OF INTEGER •

    $default  reduce using rule 11 (declaration)


State 41

   33 term: SUB • var
   35     | SUB • NUMBER
   37     | SUB • L_PAREN expression R_PAREN

    L_PAREN  shift, and go to state 67
    NUMBER   shift, and go to state 68
    IDENT    shift, and go to state 6

    ident  go to state 36
    var    go to state 69


State 42

   36 term: L_PAREN • expression R_PAREN

    SUB      shift, and go to state 41
    L_PAREN  shift, and go to state 42
    NUMBER   shift, and go to state 43
    IDENT    shift, and go to state 6

    ident                      go to state 44
    expression                 go to state 70
    multiplicative_expression  go to state 46
    term                       go to state 47
    var                        go to state 48


State 43

   34 term: NUMBER •

    $default  reduce using rule 34 (term)


State 44

   38 term: ident • L_PAREN expressions R_PAREN
   61 var: ident •
   62    | ident • L_SQUARE_BRACKET expression R_SQUARE_BRACKET

    L_SQUARE_BRACKET  shift, and go to state 62
    L_PAREN           shift, and go to state 71

    $default  reduce using rule 61 (var)


State 45

   22 statement: RETURN expression •

    $default  reduce using rule 22 (statement)


State 46

   25 expression: multiplicative_expression •
   26           | multiplicative_expression • ADD expression
   27           | multiplicative_expression • SUB expression

    SUB  shift, and go to state 72
    ADD  shift, and go to state 73

    $default  reduce using rule 25 (expression)


State 47

   28 multiplicative_expression: term •
   29                          | term • MULT multiplicative_expression
   30                          | term • DIV multiplicative_expression
   31                          | term • MOD multiplicative_expression

    MULT  shift, and go to state 74
    DIV   shift, and go to state 75
    MOD   shift, and go to state 76

    $default  reduce using rule 28 (multiplicative_expression)


State 48

   32 term: var •

    $default  reduce using rule 32 (term)


State 49

   48 relation_exp: NOT • expression comp expression
   50             | NOT • TRUE
   52             | NOT • FALSE
   54             | NOT • L_PAREN bool_exp R_PAREN

    TRUE     shift, and go to state 77
    FALSE    shift, and go to state 78
    SUB      shift, and go to state 41
    L_PAREN  shift, and go to state 79
    NUMBER   shift, and go to state 43
    IDENT    shift, and go to state 6

    ident                      go to state 44
    expression                 go to state 80
    multiplicative_expression  go to state 46
    term                       go to state 47
    var                        go to state 48


State 50

   49 relation_exp: TRUE •

    $default  reduce using rule 49 (relation_exp)


State 51

   51 relation_exp: FALSE •

    $default  reduce using rule 51 (relation_exp)


State 52

   36 term: L_PAREN • expression R_PAREN
   53 relation_exp: L_PAREN • bool_exp R_PAREN

    NOT      shift, and go to state 49
    TRUE     shift, and go to state 50
    FALSE    shift, and go to state 51
    SUB      shift, and go to state 41
    L_PAREN  shift, and go to state 52
    NUMBER   shift, and go to state 43
    IDENT    shift, and go to state 6

    ident                      go to state 44
    expression                 go to state 81
    multiplicative_expression  go to state 46
    term                       go to state 47
    bool_exp                   go to state 82
    relation_and_exp           go to state 55
    relation_exp               go to state 56
    var                        go to state 48


State 53

   47 relation_exp: expression • comp expression

    EQ   shift, and go to state 83
    NEQ  shift, and go to state 84
    LT   shift, and go to state 85
    GT   shift, and go to state 86
    LTE  shift, and go to state 87
    GTE  shift, and go to state 88

    comp  go to state 89


State 54

   13 statement: IF bool_exp • THEN statements ENDIF
   14          | IF bool_exp • THEN statements ELSE statements ENDIF

    THEN  shift, and go to state 90


State 55

   43 bool_exp: relation_and_exp •
   44         | relation_and_exp • OR bool_exp

    OR  shift, and go to state 91

    $default  reduce using rule 43 (bool_exp)


State 56

   45 relation_and_exp: relation_exp •
   46                 | relation_exp • AND relation_and_exp

    AND  shift, and go to state 92

    $default  reduce using rule 45 (relation_and_exp)


State 57

   17 statement: WHILE bool_exp • $@1 BEGINLOOP statements $@2 ENDLOOP

    $default  reduce using rule 15 ($@1)

    $@1  go to state 93


State 58

   18 statement: DO BEGINLOOP • statements ENDLOOP WHILE bool_exp

    RETURN    shift, and go to state 29
    IF        shift, and go to state 30
    WHILE     shift, and go to state 31
    DO        shift, and go to state 32
    CONTINUE  shift, and go to state 33
    READ      shift, and go to state 34
    WRITE     shift, and go to state 35
    IDENT     shift, and go to state 6

    ident       go to state 36
    statement   go to state 37
    statements  go to state 94
    var         go to state 39


State 59

   63 vars: var •
   64     | var • COMMA vars

    COMMA  shift, and go to state 95

    $default  reduce using rule 63 (vars)


State 60

   19 statement: READ vars •

    $default  reduce using rule 19 (statement)


State 61

   20 statement: WRITE IDENT •

    $default  reduce using rule 20 (statement)


State 62

   62 var: ident L_SQUARE_BRACKET • expression R_SQUARE_BRACKET

    SUB      shift, and go to state 41
    L_PAREN  shift, and go to state 42
    NUMBER   shift, and go to state 43
    IDENT    shift, and go to state 6

    ident                      go to state 44
    expression                 go to state 96
    multiplicative_expression  go to state 46
    term                       go to state 47
    var                        go to state 48


State 63

   23 statements: statement SEMICOLON •
   24           | statement SEMICOLON • statements

    RETURN    shift, and go to state 29
    IF        shift, and go to state 30
    WHILE     shift, and go to state 31
    DO        shift, and go to state 32
    CONTINUE  shift, and go to state 33
    READ      shift, and go to state 34
    WRITE     shift, and go to state 35
    IDENT     shift, and go to state 6

    $default  reduce using rule 23 (statements)

    ident       go to state 36
    statement   go to state 37
    statements  go to state 97
    var         go to state 39


State 64

    5 end_body: END_BODY •

    $default  reduce using rule 5 (end_body)


State 65

    4 function: function_ident SEMICOLON BEGIN_PARAMS declarations END_PARAMS BEGIN_LOCALS declarations END_LOCALS BEGIN_BODY statements end_body •

    $default  reduce using rule 4 (function)


State 66

   12 statement: var ASSIGN • expression

    SUB      shift, and go to state 41
    L_PAREN  shift, and go to state 42
    NUMBER   shift, and go to state 43
    IDENT    shift, and go to state 6

    ident                      go to state 44
    expression                 go to state 98
    multiplicative_expression  go to state 46
    term                       go to state 47
    var                        go to state 48


State 67

   37 term: SUB L_PAREN • expression R_PAREN

    SUB      shift, and go to state 41
    L_PAREN  shift, and go to state 42
    NUMBER   shift, and go to state 43
    IDENT    shift, and go to state 6

    ident                      go to state 44
    expression                 go to state 99
    multiplicative_expression  go to state 46
    term                       go to state 47
    var                        go to state 48


State 68

   35 term: SUB NUMBER •

    $default  reduce using rule 35 (term)


State 69

   33 term: SUB var •

    $default  reduce using rule 33 (term)


State 70

   36 term: L_PAREN expression • R_PAREN

    R_PAREN  shift, and go to state 100


State 71

   38 term: ident L_PAREN • expressions R_PAREN

    SUB      shift, and go to state 41
    L_PAREN  shift, and go to state 42
    NUMBER   shift, and go to state 43
    IDENT    shift, and go to state 6

    $default  reduce using rule 39 (expressions)

    ident                      go to state 44
    expression                 go to state 101
    multiplicative_expression  go to state 46
    term                       go to state 47
    expressions                go to state 102
    comma_sep_expressions      go to state 103
    var                        go to state 48


State 72

   27 expression: multiplicative_expression SUB • expression

    SUB      shift, and go to state 41
    L_PAREN  shift, and go to state 42
    NUMBER   shift, and go to state 43
    IDENT    shift, and go to state 6

    ident                      go to state 44
    expression                 go to state 104
    multiplicative_expression  go to state 46
    term                       go to state 47
    var                        go to state 48


State 73

   26 expression: multiplicative_expression ADD • expression

    SUB      shift, and go to state 41
    L_PAREN  shift, and go to state 42
    NUMBER   shift, and go to state 43
    IDENT    shift, and go to state 6

    ident                      go to state 44
    expression                 go to state 105
    multiplicative_expression  go to state 46
    term                       go to state 47
    var                        go to state 48


State 74

   29 multiplicative_expression: term MULT • multiplicative_expression

    SUB      shift, and go to state 41
    L_PAREN  shift, and go to state 42
    NUMBER   shift, and go to state 43
    IDENT    shift, and go to state 6

    ident                      go to state 44
    multiplicative_expression  go to state 106
    term                       go to state 47
    var                        go to state 48


State 75

   30 multiplicative_expression: term DIV • multiplicative_expression

    SUB      shift, and go to state 41
    L_PAREN  shift, and go to state 42
    NUMBER   shift, and go to state 43
    IDENT    shift, and go to state 6

    ident                      go to state 44
    multiplicative_expression  go to state 107
    term                       go to state 47
    var                        go to state 48


State 76

   31 multiplicative_expression: term MOD • multiplicative_expression

    SUB      shift, and go to state 41
    L_PAREN  shift, and go to state 42
    NUMBER   shift, and go to state 43
    IDENT    shift, and go to state 6

    ident                      go to state 44
    multiplicative_expression  go to state 108
    term                       go to state 47
    var                        go to state 48


State 77

   50 relation_exp: NOT TRUE •

    $default  reduce using rule 50 (relation_exp)


State 78

   52 relation_exp: NOT FALSE •

    $default  reduce using rule 52 (relation_exp)


State 79

   36 term: L_PAREN • expression R_PAREN
   54 relation_exp: NOT L_PAREN • bool_exp R_PAREN

    NOT      shift, and go to state 49
    TRUE     shift, and go to state 50
    FALSE    shift, and go to state 51
    SUB      shift, and go to state 41
    L_PAREN  shift, and go to state 52
    NUMBER   shift, and go to state 43
    IDENT    shift, and go to state 6

    ident                      go to state 44
    expression                 go to state 81
    multiplicative_expression  go to state 46
    term                       go to state 47
    bool_exp                   go to state 109
    relation_and_exp           go to state 55
    relation_exp               go to state 56
    var                        go to state 48


State 80

   48 relation_exp: NOT expression • comp expression

    EQ   shift, and go to state 83
    NEQ  shift, and go to state 84
    LT   shift, and go to state 85
    GT   shift, and go to state 86
    LTE  shift, and go to state 87
    GTE  shift, and go to state 88

    comp  go to state 110


State 81

   36 term: L_PAREN expression • R_PAREN
   47 relation_exp: expression • comp expression

    EQ       shift, and go to state 83
    NEQ      shift, and go to state 84
    LT       shift, and go to state 85
    GT       shift, and go to state 86
    LTE      shift, and go to state 87
    GTE      shift, and go to state 88
    R_PAREN  shift, and go to state 100

    comp  go to state 89


State 82

   53 relation_exp: L_PAREN bool_exp • R_PAREN

    R_PAREN  shift, and go to state 111


State 83

   55 comp: EQ •

    $default  reduce using rule 55 (comp)


State 84

   56 comp: NEQ •

    $default  reduce using rule 56 (comp)


State 85

   57 comp: LT •

    $default  reduce using rule 57 (comp)


State 86

   58 comp: GT •

    $default  reduce using rule 58 (comp)


State 87

   59 comp: LTE •

    $default  reduce using rule 59 (comp)


State 88

   60 comp: GTE •

    $default  reduce using rule 60 (comp)


State 89

   47 relation_exp: expression comp • expression

    SUB      shift, and go to state 41
    L_PAREN  shift, and go to state 42
    NUMBER   shift, and go to state 43
    IDENT    shift, and go to state 6

    ident                      go to state 44
    expression                 go to state 112
    multiplicative_expression  go to state 46
    term                       go to state 47
    var                        go to state 48


State 90

   13 statement: IF bool_exp THEN • statements ENDIF
   14          | IF bool_exp THEN • statements ELSE statements ENDIF

    RETURN    shift, and go to state 29
    IF        shift, and go to state 30
    WHILE     shift, and go to state 31
    DO        shift, and go to state 32
    CONTINUE  shift, and go to state 33
    READ      shift, and go to state 34
    WRITE     shift, and go to state 35
    IDENT     shift, and go to state 6

    ident       go to state 36
    statement   go to state 37
    statements  go to state 113
    var         go to state 39


State 91

   44 bool_exp: relation_and_exp OR • bool_exp

    NOT      shift, and go to state 49
    TRUE     shift, and go to state 50
    FALSE    shift, and go to state 51
    SUB      shift, and go to state 41
    L_PAREN  shift, and go to state 52
    NUMBER   shift, and go to state 43
    IDENT    shift, and go to state 6

    ident                      go to state 44
    expression                 go to state 53
    multiplicative_expression  go to state 46
    term                       go to state 47
    bool_exp                   go to state 114
    relation_and_exp           go to state 55
    relation_exp               go to state 56
    var                        go to state 48


State 92

   46 relation_and_exp: relation_exp AND • relation_and_exp

    NOT      shift, and go to state 49
    TRUE     shift, and go to state 50
    FALSE    shift, and go to state 51
    SUB      shift, and go to state 41
    L_PAREN  shift, and go to state 52
    NUMBER   shift, and go to state 43
    IDENT    shift, and go to state 6

    ident                      go to state 44
    expression                 go to state 53
    multiplicative_expression  go to state 46
    term                       go to state 47
    relation_and_exp           go to state 115
    relation_exp               go to state 56
    var                        go to state 48


State 93

   17 statement: WHILE bool_exp $@1 • BEGINLOOP statements $@2 ENDLOOP

    BEGINLOOP  shift, and go to state 116


State 94

   18 statement: DO BEGINLOOP statements • ENDLOOP WHILE bool_exp

    ENDLOOP  shift, and go to state 117


State 95

   64 vars: var COMMA • vars

    IDENT  shift, and go to state 6

    ident  go to state 36
    var    go to state 59
    vars   go to state 118


State 96

   62 var: ident L_SQUARE_BRACKET expression • R_SQUARE_BRACKET

    R_SQUARE_BRACKET  shift, and go to state 119


State 97

   24 statements: statement SEMICOLON statements •

    $default  reduce using rule 24 (statements)


State 98

   12 statement: var ASSIGN expression •

    $default  reduce using rule 12 (statement)


State 99

   37 term: SUB L_PAREN expression • R_PAREN

    R_PAREN  shift, and go to state 120


State 100

   36 term: L_PAREN expression R_PAREN •

    $default  reduce using rule 36 (term)


State 101

   41 comma_sep_expressions: expression •
   42                      | expression • COMMA comma_sep_expressions

    COMMA  shift, and go to state 121

    $default  reduce using rule 41 (comma_sep_expressions)


State 102

   38 term: ident L_PAREN expressions • R_PAREN

    R_PAREN  shift, and go to state 122


State 103

   40 expressions: comma_sep_expressions •

    $default  reduce using rule 40 (expressions)


State 104

   27 expression: multiplicative_expression SUB expression •

    $default  reduce using rule 27 (expression)


State 105

   26 expression: multiplicative_expression ADD expression •

    $default  reduce using rule 26 (expression)


State 106

   29 multiplicative_expression: term MULT multiplicative_expression •

    $default  reduce using rule 29 (multiplicative_expression)


State 107

   30 multiplicative_expression: term DIV multiplicative_expression •

    $default  reduce using rule 30 (multiplicative_expression)


State 108

   31 multiplicative_expression: term MOD multiplicative_expression •

    $default  reduce using rule 31 (multiplicative_expression)


State 109

   54 relation_exp: NOT L_PAREN bool_exp • R_PAREN

    R_PAREN  shift, and go to state 123


State 110

   48 relation_exp: NOT expression comp • expression

    SUB      shift, and go to state 41
    L_PAREN  shift, and go to state 42
    NUMBER   shift, and go to state 43
    IDENT    shift, and go to state 6

    ident                      go to state 44
    expression                 go to state 124
    multiplicative_expression  go to state 46
    term                       go to state 47
    var                        go to state 48


State 111

   53 relation_exp: L_PAREN bool_exp R_PAREN •

    $default  reduce using rule 53 (relation_exp)


State 112

   47 relation_exp: expression comp expression •

    $default  reduce using rule 47 (relation_exp)


State 113

   13 statement: IF bool_exp THEN statements • ENDIF
   14          | IF bool_exp THEN statements • ELSE statements ENDIF

    ENDIF  shift, and go to state 125
    ELSE   shift, and go to state 126


State 114

   44 bool_exp: relation_and_exp OR bool_exp •

    $default  reduce using rule 44 (bool_exp)


State 115

   46 relation_and_exp: relation_exp AND relation_and_exp •

    $default  reduce using rule 46 (relation_and_exp)


State 116

   17 statement: WHILE bool_exp $@1 BEGINLOOP • statements $@2 ENDLOOP

    RETURN    shift, and go to state 29
    IF        shift, and go to state 30
    WHILE     shift, and go to state 31
    DO        shift, and go to state 32
    CONTINUE  shift, and go to state 33
    READ      shift, and go to state 34
    WRITE     shift, and go to state 35
    IDENT     shift, and go to state 6

    ident       go to state 36
    statement   go to state 37
    statements  go to state 127
    var         go to state 39


State 117

   18 statement: DO BEGINLOOP statements ENDLOOP • WHILE bool_exp

    WHILE  shift, and go to state 128


State 118

   64 vars: var COMMA vars •

    $default  reduce using rule 64 (vars)


State 119

   62 var: ident L_SQUARE_BRACKET expression R_SQUARE_BRACKET •

    $default  reduce using rule 62 (var)


State 120

   37 term: SUB L_PAREN expression R_PAREN •

    $default  reduce using rule 37 (term)


State 121

   42 comma_sep_expressions: expression COMMA • comma_sep_expressions

    SUB      shift, and go to state 41
    L_PAREN  shift, and go to state 42
    NUMBER   shift, and go to state 43
    IDENT    shift, and go to state 6

    ident                      go to state 44
    expression                 go to state 101
    multiplicative_expression  go to state 46
    term                       go to state 47
    comma_sep_expressions      go to state 129
    var                        go to state 48


State 122

   38 term: ident L_PAREN expressions R_PAREN •

    $default  reduce using rule 38 (term)


State 123

   54 relation_exp: NOT L_PAREN bool_exp R_PAREN •

    $default  reduce using rule 54 (relation_exp)


State 124

   48 relation_exp: NOT expression comp expression •

    $default  reduce using rule 48 (relation_exp)


State 125

   13 statement: IF bool_exp THEN statements ENDIF •

    $default  reduce using rule 13 (statement)


State 126

   14 statement: IF bool_exp THEN statements ELSE • statements ENDIF

    RETURN    shift, and go to state 29
    IF        shift, and go to state 30
    WHILE     shift, and go to state 31
    DO        shift, and go to state 32
    CONTINUE  shift, and go to state 33
    READ      shift, and go to state 34
    WRITE     shift, and go to state 35
    IDENT     shift, and go to state 6

    ident       go to state 36
    statement   go to state 37
    statements  go to state 130
    var         go to state 39


State 127

   17 statement: WHILE bool_exp $@1 BEGINLOOP statements • $@2 ENDLOOP

    $default  reduce using rule 16 ($@2)

    $@2  go to state 131


State 128

   18 statement: DO BEGINLOOP statements ENDLOOP WHILE • bool_exp

    NOT      shift, and go to state 49
    TRUE     shift, and go to state 50
    FALSE    shift, and go to state 51
    SUB      shift, and go to state 41
    L_PAREN  shift, and go to state 52
    NUMBER   shift, and go to state 43
    IDENT    shift, and go to state 6

    ident                      go to state 44
    expression                 go to state 53
    multiplicative_expression  go to state 46
    term                       go to state 47
    bool_exp                   go to state 132
    relation_and_exp           go to state 55
    relation_exp               go to state 56
    var                        go to state 48


State 129

   42 comma_sep_expressions: expression COMMA comma_sep_expressions •

    $default  reduce using rule 42 (comma_sep_expressions)


State 130

   14 statement: IF bool_exp THEN statements ELSE statements • ENDIF

    ENDIF  shift, and go to state 133


State 131

   17 statement: WHILE bool_exp $@1 BEGINLOOP statements $@2 • ENDLOOP

    ENDLOOP  shift, and go to state 134


State 132

   18 statement: DO BEGINLOOP statements ENDLOOP WHILE bool_exp •

    $default  reduce using rule 18 (statement)


State 133

   14 statement: IF bool_exp THEN statements ELSE statements ENDIF •

    $default  reduce using rule 14 (statement)


State 134

   17 statement: WHILE bool_exp $@1 BEGINLOOP statements $@2 ENDLOOP •

    $default  reduce using rule 17 (statement)
